[debug] [2025-10-01T06:24:27.654Z] ----------------------------------------------------------------------
[debug] [2025-10-01T06:24:27.662Z] Command:       /usr/local/bin/node /usr/local/bin/firebase deploy
[debug] [2025-10-01T06:24:27.662Z] CLI Version:   14.17.0
[debug] [2025-10-01T06:24:27.662Z] Platform:      darwin
[debug] [2025-10-01T06:24:27.662Z] Node Version:  v22.20.0
[debug] [2025-10-01T06:24:27.662Z] Time:          Wed Oct 01 2025 15:24:27 GMT+0900 (日本標準時)
[debug] [2025-10-01T06:24:27.662Z] ----------------------------------------------------------------------
[debug] 
[debug] [2025-10-01T06:24:27.781Z] > command requires scopes: ["email","openid","https://www.googleapis.com/auth/cloudplatformprojects.readonly","https://www.googleapis.com/auth/firebase","https://www.googleapis.com/auth/cloud-platform"]
[debug] [2025-10-01T06:24:27.781Z] > authorizing via signed-in user (hayadora0903@gmail.com)
[debug] [2025-10-01T06:24:27.781Z] [iam] checking project bunkasai-task-system for permissions ["firebase.projects.get","firebasedatabase.instances.update","firebasehosting.sites.update"]
[debug] [2025-10-01T06:24:27.782Z] Checked if tokens are valid: true, expires at: 1759303437384
[debug] [2025-10-01T06:24:27.782Z] Checked if tokens are valid: true, expires at: 1759303437384
[debug] [2025-10-01T06:24:27.782Z] >>> [apiv2][query] POST https://cloudresourcemanager.googleapis.com/v1/projects/bunkasai-task-system:testIamPermissions [none]
[debug] [2025-10-01T06:24:27.782Z] >>> [apiv2][(partial)header] POST https://cloudresourcemanager.googleapis.com/v1/projects/bunkasai-task-system:testIamPermissions x-goog-quota-user=projects/bunkasai-task-system
[debug] [2025-10-01T06:24:27.782Z] >>> [apiv2][body] POST https://cloudresourcemanager.googleapis.com/v1/projects/bunkasai-task-system:testIamPermissions {"permissions":["firebase.projects.get","firebasedatabase.instances.update","firebasehosting.sites.update"]}
[debug] [2025-10-01T06:24:28.475Z] <<< [apiv2][status] POST https://cloudresourcemanager.googleapis.com/v1/projects/bunkasai-task-system:testIamPermissions 200
[debug] [2025-10-01T06:24:28.476Z] <<< [apiv2][body] POST https://cloudresourcemanager.googleapis.com/v1/projects/bunkasai-task-system:testIamPermissions {"permissions":["firebase.projects.get","firebasedatabase.instances.update","firebasehosting.sites.update"]}
[debug] [2025-10-01T06:24:28.477Z] Checked if tokens are valid: true, expires at: 1759303437384
[debug] [2025-10-01T06:24:28.477Z] Checked if tokens are valid: true, expires at: 1759303437384
[debug] [2025-10-01T06:24:28.477Z] >>> [apiv2][query] GET https://firebase.googleapis.com/v1beta1/projects/bunkasai-task-system [none]
[debug] [2025-10-01T06:24:28.796Z] <<< [apiv2][status] GET https://firebase.googleapis.com/v1beta1/projects/bunkasai-task-system 200
[debug] [2025-10-01T06:24:28.796Z] <<< [apiv2][body] GET https://firebase.googleapis.com/v1beta1/projects/bunkasai-task-system {"projectId":"bunkasai-task-system","projectNumber":"919831201875","displayName":"Bunkasai-Task-System","name":"projects/bunkasai-task-system","resources":{"hostingSite":"bunkasai-task-system","realtimeDatabaseInstance":"bunkasai-task-system-default-rtdb"},"state":"ACTIVE","etag":"1_285e0e5a-848e-4a80-85dd-40ba443dc6c3"}
[debug] [2025-10-01T06:24:28.797Z] Checked if tokens are valid: true, expires at: 1759303437384
[debug] [2025-10-01T06:24:28.797Z] Checked if tokens are valid: true, expires at: 1759303437384
[debug] [2025-10-01T06:24:28.797Z] >>> [apiv2][query] GET https://firebase.googleapis.com/v1beta1/projects/bunkasai-task-system [none]
[debug] [2025-10-01T06:24:29.045Z] <<< [apiv2][status] GET https://firebase.googleapis.com/v1beta1/projects/bunkasai-task-system 200
[debug] [2025-10-01T06:24:29.045Z] <<< [apiv2][body] GET https://firebase.googleapis.com/v1beta1/projects/bunkasai-task-system {"projectId":"bunkasai-task-system","projectNumber":"919831201875","displayName":"Bunkasai-Task-System","name":"projects/bunkasai-task-system","resources":{"hostingSite":"bunkasai-task-system","realtimeDatabaseInstance":"bunkasai-task-system-default-rtdb"},"state":"ACTIVE","etag":"1_285e0e5a-848e-4a80-85dd-40ba443dc6c3"}
[info] 
[info] === Deploying to 'bunkasai-task-system'...
[info] 
[info] i  deploying database, hosting 
[info] i  database: checking rules syntax... 
[debug] [2025-10-01T06:24:29.051Z] Checked if tokens are valid: true, expires at: 1759303437384
[debug] [2025-10-01T06:24:29.051Z] Checked if tokens are valid: true, expires at: 1759303437384
[debug] [2025-10-01T06:24:29.051Z] >>> [apiv2][query] GET https://firebasedatabase.googleapis.com/v1beta/projects/bunkasai-task-system/locations/-/instances/bunkasai-task-system-default-rtdb [none]
[debug] [2025-10-01T06:24:30.057Z] <<< [apiv2][status] GET https://firebasedatabase.googleapis.com/v1beta/projects/bunkasai-task-system/locations/-/instances/bunkasai-task-system-default-rtdb 200
[debug] [2025-10-01T06:24:30.057Z] <<< [apiv2][body] GET https://firebasedatabase.googleapis.com/v1beta/projects/bunkasai-task-system/locations/-/instances/bunkasai-task-system-default-rtdb {"name":"projects/919831201875/locations/us-central1/instances/bunkasai-task-system-default-rtdb","project":"projects/919831201875","databaseUrl":"https://bunkasai-task-system-default-rtdb.firebaseio.com","type":"DEFAULT_DATABASE","state":"ACTIVE"}
[debug] [2025-10-01T06:24:30.058Z] Checked if tokens are valid: true, expires at: 1759303437384
[debug] [2025-10-01T06:24:30.058Z] Checked if tokens are valid: true, expires at: 1759303437384
[debug] [2025-10-01T06:24:30.058Z] >>> [apiv2][query] PUT https://bunkasai-task-system-default-rtdb.firebaseio.com/.settings/rules.json dryRun=true
[debug] [2025-10-01T06:24:30.058Z] >>> [apiv2][body] PUT https://bunkasai-task-system-default-rtdb.firebaseio.com/.settings/rules.json "{\n  \"rules\": {\n    \".read\": \"true\", // 誰でも読み取り可能\n    \".write\": \"true\" // 誰でも書き込み可能\n  }\n}"
[debug] [2025-10-01T06:24:30.384Z] <<< [apiv2][status] PUT https://bunkasai-task-system-default-rtdb.firebaseio.com/.settings/rules.json 200
[debug] [2025-10-01T06:24:30.384Z] <<< [apiv2][body] PUT https://bunkasai-task-system-default-rtdb.firebaseio.com/.settings/rules.json {"status":"ok"}
[info] ✔  database: rules syntax for database bunkasai-task-system-default-rtdb is valid 
[debug] [2025-10-01T06:24:30.387Z] Checked if tokens are valid: true, expires at: 1759303437384
[debug] [2025-10-01T06:24:30.387Z] Checked if tokens are valid: true, expires at: 1759303437384
[debug] [2025-10-01T06:24:30.387Z] >>> [apiv2][query] POST https://firebasehosting.googleapis.com/v1beta1/projects/-/sites/bunkasai-task-system/versions [none]
[debug] [2025-10-01T06:24:30.387Z] >>> [apiv2][body] POST https://firebasehosting.googleapis.com/v1beta1/projects/-/sites/bunkasai-task-system/versions {"status":"CREATED","labels":{"deployment-tool":"cli-firebase"}}
[debug] [2025-10-01T06:24:31.486Z] <<< [apiv2][status] POST https://firebasehosting.googleapis.com/v1beta1/projects/-/sites/bunkasai-task-system/versions 200
